<?xml version="1.0" encoding="UTF-8"?>
<!-- Generated by org.testng.reporters.JUnitReportReporter -->
<testsuite hostname="DESKTOP-MATN0N1" failures="0" tests="2" name="TestPackage.LoginEmailTest" time="69.781" errors="0" timestamp="2022-02-14T08:22:33 IST" skipped="0">
  <testcase classname="TestPackage.LoginEmailTest" name="LoginWithMobileValidation" time="2.095"/>
  <system-out>
    <![CDATA[Enter Email field
Click on Next
Entered Email ID is Invalid Please register]]>
  </system-out>
  <testcase classname="TestPackage.LoginEmailTest" name="LoginWithMobileValidation" time="67.686"/>
  <system-out>
    <![CDATA[Enter Email field
Click on Next
Entered Email Id is Registered already]]>
  </system-out>
</testsuite> <!-- TestPackage.LoginEmailTest -->
