<?xml version="1.0" encoding="UTF-8"?>
<!-- Generated by org.testng.reporters.JUnitReportReporter -->
<testsuite hostname="DESKTOP-MATN0N1" failures="0" tests="1" name="TestPackage.RegisterTest" time="16.503" errors="0" timestamp="2022-02-15T10:29:08 IST" skipped="0">
  <testcase classname="TestPackage.RegisterTest" name="RegisterNewEmailTest" time="16.503"/>
  <system-out>
    <![CDATA[Click on Register Link 
Entered Full name of User
Entered Full name of User
Entered NewEmail  QA7764054@gmail.com
Entered Phone 204104
Entered Hear about us
Entered PrivacyCheck
Click on Continue btn
Enter Mobile OTP
Mobile Registraton success]]>
  </system-out>
</testsuite> <!-- TestPackage.RegisterTest -->
