<?xml version="1.0" encoding="UTF-8"?>
<!-- Generated by org.testng.reporters.JUnitReportReporter -->
<testsuite hostname="DESKTOP-MATN0N1" failures="0" tests="1" name="TestPackage.RegisterTest" time="6.798" errors="0" timestamp="2022-02-13T14:58:22 IST" skipped="0">
  <testcase classname="TestPackage.RegisterTest" name="ResterEmail" time="6.798"/>
  <system-out>
    <![CDATA[Click on Register Link 
Entered Full name of User
Entered Full name of User
Entered NewEmail
Entered Phone
Entered Hear about us
Entered PrivacyCheck
Click on Continue btn
Enter Mobile OTP]]>
  </system-out>
</testsuite> <!-- TestPackage.RegisterTest -->
