<?xml version="1.0" encoding="UTF-8"?>
<!-- Generated by org.testng.reporters.JUnitReportReporter -->
<testsuite hostname="DESKTOP-MATN0N1" failures="0" tests="1" name="TestPackage.BusinessDetailsTest" time="0.000" errors="0" timestamp="2022-02-12T20:57:11 IST" skipped="1">
  <testcase classname="TestPackage.BusinessDetailsTest" name="BusinessDetailsData" time="0.000">
    <skipped/>
  </testcase> <!-- BusinessDetailsData -->
  <system-out/>
</testsuite> <!-- TestPackage.BusinessDetailsTest -->
