<?xml version="1.0" encoding="UTF-8"?>
<!-- Generated by org.testng.reporters.JUnitReportReporter -->
<testsuite hostname="DESKTOP-MATN0N1" failures="0" tests="2" name="TestPackage.LoginMobileTest" time="69.080" errors="0" timestamp="2022-02-14T07:35:40 IST" skipped="0">
  <testcase classname="TestPackage.LoginMobileTest" name="LoginWithMobileNumValidation" time="1.939"/>
  <system-out>
    <![CDATA[Enter Email field
Click on Next
Entered Mobile number is Invalid Mobile Please register]]>
  </system-out>
  <testcase classname="TestPackage.LoginMobileTest" name="LoginWithMobileNumValidation" time="67.141"/>
  <system-out>
    <![CDATA[Enter Email field
Click on Next
Entered Mobile number is Registered already]]>
  </system-out>
</testsuite> <!-- TestPackage.LoginMobileTest -->
